{
  "stats": {
    "suites": 0,
    "tests": 5,
    "passes": 5,
    "pending": 0,
    "failures": 0,
    "start": "2022-02-27T22:36:45.086Z",
    "end": "2022-02-27T22:37:39.546Z",
    "duration": 54460,
    "testsRegistered": 5,
    "passPercent": 100,
    "pendingPercent": 0,
    "other": 0,
    "hasOther": false,
    "skipped": 0,
    "hasSkipped": false
  },
  "results": [
    {
      "uuid": "0d0d2d11-9d9f-4881-acae-96fa2832f303",
      "title": "",
      "fullFile": null,
      "file": null,
      "beforeHooks": [],
      "afterHooks": [],
      "tests": [
        {
          "title": "Navigate to - Nike Mens Homepage",
          "fullTitle": "Navigate to - Nike Mens Homepage",
          "timedOut": null,
          "duration": 37499,
          "state": "passed",
          "speed": "slow",
          "pass": true,
          "fail": false,
          "pending": false,
          "context": null,
          "code": "navi.goto('https://www.nike.com/men');",
          "err": {},
          "uuid": "097bc1e8-ef0f-4867-906b-9333e64bd984",
          "parentUUID": "0d0d2d11-9d9f-4881-acae-96fa2832f303",
          "isHook": false,
          "skipped": false
        },
        {
          "title": "Verification - Sales Event Banner",
          "fullTitle": "Verification - Sales Event Banner",
          "timedOut": null,
          "duration": 6152,
          "state": "passed",
          "speed": "medium",
          "pass": true,
          "fail": false,
          "pending": false,
          "context": null,
          "code": "cy.xpath('//body/div[@id=\\'ciclp-app\\']/div[2]/div[1]').should('have.class', 'bannerWrap').should('be.visible');",
          "err": {},
          "uuid": "e6ccbd76-9dea-4b7b-95b6-8c920695bdbc",
          "parentUUID": "0d0d2d11-9d9f-4881-acae-96fa2832f303",
          "isHook": false,
          "skipped": false
        },
        {
          "title": "Verification - Menswear Navigation",
          "fullTitle": "Verification - Menswear Navigation",
          "timedOut": null,
          "duration": 3352,
          "state": "passed",
          "speed": "fast",
          "pass": true,
          "fail": false,
          "pending": false,
          "context": null,
          "code": "cy.get(':nth-child(1) > .JSftBPEZ').contains('Shoes').should('be.visible');\ncy.get(':nth-child(2) > .JSftBPEZ').contains('Clothing');\ncy.get(':nth-child(3) > .JSftBPEZ').contains('Accessories');\ncy.get(':nth-child(4) > .JSftBPEZ').contains('Sale');",
          "err": {},
          "uuid": "d71dddd2-7570-4140-916a-57c43ba24a5c",
          "parentUUID": "0d0d2d11-9d9f-4881-acae-96fa2832f303",
          "isHook": false,
          "skipped": false
        },
        {
          "title": "Verification - Main Image Carousel",
          "fullTitle": "Verification - Main Image Carousel",
          "timedOut": null,
          "duration": 1016,
          "state": "passed",
          "speed": "fast",
          "pass": true,
          "fail": false,
          "pending": false,
          "context": null,
          "code": "",
          "err": {},
          "uuid": "35309ae2-603d-4205-952f-dc20f87c1ec5",
          "parentUUID": "0d0d2d11-9d9f-4881-acae-96fa2832f303",
          "isHook": false,
          "skipped": false
        },
        {
          "title": "Verification - Shop The Essentials",
          "fullTitle": "Verification - Shop The Essentials",
          "timedOut": null,
          "duration": 673,
          "state": "passed",
          "speed": "fast",
          "pass": true,
          "fail": false,
          "pending": false,
          "context": null,
          "code": "",
          "err": {},
          "uuid": "2268c9d4-9c1e-4bca-bba7-52a5e4256fde",
          "parentUUID": "0d0d2d11-9d9f-4881-acae-96fa2832f303",
          "isHook": false,
          "skipped": false
        }
      ],
      "suites": [],
      "passes": [
        "097bc1e8-ef0f-4867-906b-9333e64bd984",
        "e6ccbd76-9dea-4b7b-95b6-8c920695bdbc",
        "d71dddd2-7570-4140-916a-57c43ba24a5c",
        "35309ae2-603d-4205-952f-dc20f87c1ec5",
        "2268c9d4-9c1e-4bca-bba7-52a5e4256fde"
      ],
      "failures": [],
      "pending": [],
      "skipped": [],
      "duration": 48692,
      "root": true,
      "rootEmpty": false,
      "_timeout": 2000
    }
  ],
  "meta": {
    "mocha": {
      "version": "7.0.1"
    },
    "mochawesome": {
      "options": {
        "quiet": false,
        "reportFilename": "mochawesome",
        "saveHtml": false,
        "saveJson": true,
        "consoleReporter": "spec",
        "useInlineDiffs": false,
        "code": true
      },
      "version": "7.1.0"
    },
    "marge": {
      "options": {
        "charts": true,
        "overwrite": false,
        "html": false,
        "json": true,
        "reportDir": "cypress/resources/reports"
      },
      "version": "6.1.0"
    }
  }
}